time=2024-01-17T18:33:36.503Z level=INFO msg="rspi-mic-recorder started successfully" logPath=./vaf.log debugMode=true
time=2024-01-17T18:39:42.000Z level=INFO msg="rspi-mic-recorder started successfully" logPath=./vaf.log debugMode=true
time=2024-01-17T18:39:42.000Z level=INFO msg="Recording microphone"
time=2024-01-17T18:40:08.759Z level=INFO msg="rspi-mic-recorder started successfully" logPath=./vaf.log debugMode=true
time=2024-01-17T18:40:08.759Z level=INFO msg="Recording microphone"
time=2024-01-17T18:41:06.479Z level=INFO msg="rspi-mic-recorder started successfully" logPath=./vaf.log debugMode=true
time=2024-01-17T18:41:06.479Z level=INFO msg="Recording microphone"
time=2024-01-17T19:13:11.142Z level=INFO msg="rspi-mic-recorder started successfully" logPath=./vaf.log debugMode=true
time=2024-01-17T19:13:22.622Z level=INFO msg="non 0 exit code, breaking..."
time=2024-01-17T19:30:53.184Z level=INFO msg="rspi-mic-recorder started successfully" logPath=./vaf.log debugMode=true
time=2024-01-17T19:31:04.475Z level=INFO msg="dying, breaking..."
time=2024-01-17T19:32:23.889Z level=INFO msg="rspi-mic-recorder started successfully" logPath=./vaf.log debugMode=true
time=2024-01-17T19:32:29.872Z level=INFO msg="dying, breaking..."
time=2024-01-17T19:32:39.675Z level=INFO msg="rspi-mic-recorder started successfully" logPath=./vaf.log debugMode=true
time=2024-01-17T19:32:50.402Z level=INFO msg="dying, breaking..."
time=2024-01-17T19:39:08.364Z level=INFO msg="rspi-mic-recorder started successfully" logPath=./vaf.log debugMode=true
time=2024-01-17T19:39:24.677Z level=INFO msg="dying, breaking..."
time=2024-01-17T19:42:22.692Z level=INFO msg="rspi-mic-recorder started successfully" logPath=./vaf.log debugMode=true
time=2024-01-17T19:42:39.513Z level=INFO msg="dying, breaking..."
time=2024-01-17T19:52:20.743Z level=INFO msg="rspi-mic-recorder started successfully" logPath=./vaf.log debugMode=true
time=2024-01-17T19:52:20.748Z level=INFO msg="Creaing audio file" fileName=2024-01-17T19:52:20Z
time=2024-01-17T19:52:27.749Z level=INFO msg="Stopping recording and saving file" fileName=2024-01-17T19:52:20Z
time=2024-01-17T19:52:27.750Z level=INFO msg="Creaing audio file" fileName=2024-01-17T19:52:27Z
time=2024-01-17T19:52:34.751Z level=INFO msg="Stopping recording and saving file" fileName=2024-01-17T19:52:27Z
time=2024-01-17T19:52:34.752Z level=INFO msg="Creaing audio file" fileName=2024-01-17T19:52:34Z
time=2024-01-17T19:52:38.061Z level=INFO msg="Stopping recording and saving file" fileName=2024-01-17T19:52:34Z
time=2024-01-17T19:52:38.062Z level=INFO msg="dying, breaking..."
